<?xml version="1.0" encoding="UTF-8"?>
<testsuite name="com.demowebshop.tests.LoginTests" tests="2" skipped="0" failures="0" errors="0" timestamp="2024-04-14T19:31:05" hostname="MacBook-Air-Olesia.local" time="1.383">
  <properties/>
  <testcase name="loginNegativeTest" classname="com.demowebshop.tests.LoginTests" time="0.586"/>
  <testcase name="loginPositiveTest" classname="com.demowebshop.tests.LoginTests" time="0.791"/>
  <system-out><![CDATA[]]></system-out>
  <system-err><![CDATA[]]></system-err>
</testsuite>
