<?xml version="1.0" encoding="UTF-8"?>
<testsuite name="com.demowebshop.tests.CreateNewAccountTests" tests="1" skipped="0" failures="0" errors="0" timestamp="2024-04-14T19:30:40" hostname="MacBook-Air-Olesia.local" time="1.459">
  <properties/>
  <testcase name="createNewAccount" classname="com.demowebshop.tests.CreateNewAccountTests" time="1.459"/>
  <system-out><![CDATA[]]></system-out>
  <system-err><![CDATA[]]></system-err>
</testsuite>
